Build started 9/8/2016 12:39:12 PM.
     1>Project "C:\Users\Ocanath\Documents\Projects\VS_Projects\3dgame\ConsoleApplication2\ConsoleApplication2.vcxproj" on node 2 (Build target(s)).
     1>ClCompile:
         C:\Program Files (x86)\Microsoft Visual Studio 12.0\VC\bin\CL.exe /c /IC:\opencv\build\include /Zi /nologo /W3 /WX- /O2 /Oi /Oy- /GL /D WIN32 /D NDEBUG /D _CONSOLE /D _LIB /D _UNICODE /D UNICODE /Gm- /EHsc /MD /GS /Gy /fp:precise /Zc:wchar_t /Zc:forScope /Fo"Release\\" /Fd"Release\vc120.pdb" /Gd /TP /analyze- /errorReport:prompt display_game_functions.cpp
         display_game_functions.cpp
     1>display_game_functions.cpp(66): warning C4244: 'initializing' : conversion from 'double' to 'int', possible loss of data
     1>display_game_functions.cpp(67): warning C4244: 'initializing' : conversion from 'double' to 'int', possible loss of data
     1>display_game_functions.cpp(68): warning C4244: 'initializing' : conversion from 'double' to 'int', possible loss of data
     1>display_game_functions.cpp(69): warning C4244: 'initializing' : conversion from 'double' to 'int', possible loss of data
     1>display_game_functions.cpp(185): warning C4101: 'stop' : unreferenced local variable
       Link:
         C:\Program Files (x86)\Microsoft Visual Studio 12.0\VC\bin\link.exe /ERRORREPORT:PROMPT /OUT:"C:\Users\Ocanath\Documents\Projects\VS_Projects\3dgame\Release\ConsoleApplication2.exe" /INCREMENTAL:NO /NOLOGO /LIBPATH:C:\opencv\build\x86\vc12\lib opencv_ts300.lib opencv_world300.lib kernel32.lib user32.lib gdi32.lib winspool.lib comdlg32.lib advapi32.lib shell32.lib ole32.lib oleaut32.lib uuid.lib odbc32.lib odbccp32.lib /MANIFEST /MANIFESTUAC:"level='asInvoker' uiAccess='false'" /manifest:embed /DEBUG /PDB:"C:\Users\Ocanath\Documents\Projects\VS_Projects\3dgame\Release\ConsoleApplication2.pdb" /SUBSYSTEM:CONSOLE /OPT:REF /OPT:ICF /LTCG /TLBID:1 /DYNAMICBASE /NXCOMPAT /IMPLIB:"C:\Users\Ocanath\Documents\Projects\VS_Projects\3dgame\Release\ConsoleApplication2.lib" /MACHINE:X86 /SAFESEH Release\Configurations.obj
         Release\display_game_functions.obj
         Release\MouseUpper.obj
         Release\RobotKinematics.obj
         Release\GameState.obj
         Release\Source.obj
         Generating code
         Finished generating code
         ConsoleApplication2.vcxproj -> C:\Users\Ocanath\Documents\Projects\VS_Projects\3dgame\Release\ConsoleApplication2.exe
     1>Done Building Project "C:\Users\Ocanath\Documents\Projects\VS_Projects\3dgame\ConsoleApplication2\ConsoleApplication2.vcxproj" (Build target(s)).

Build succeeded.

Time Elapsed 00:00:02.59
